<?xml version="1.0" encoding="utf-8"?><testsuites name="pytest tests"><testsuite name="pytest" errors="0" failures="0" skipped="4" tests="27" time="13.123" timestamp="2026-04-01T07:44:00.727952+00:00" hostname="agent-env-f8ebecd3-3fa2-4259-ae82-002d1216d00d"><testcase classname="backend.tests.test_exam_marks.TestAuthAndSetup" name="test_admin_login" time="0.476" /><testcase classname="backend.tests.test_exam_marks.TestAuthAndSetup" name="test_teacher_login" time="0.333" /><testcase classname="backend.tests.test_exam_marks.TestAuthAndSetup" name="test_student_login" time="0.335" /><testcase classname="backend.tests.test_exam_marks.TestAdminExamManagement" name="test_get_all_exams" time="0.439" /><testcase classname="backend.tests.test_exam_marks.TestAdminExamManagement" name="test_get_subjects" time="0.460" /><testcase classname="backend.tests.test_exam_marks.TestAdminExamManagement" name="test_create_exam" time="0.546" /><testcase classname="backend.tests.test_exam_marks.TestAdminExamManagement" name="test_update_exam" time="0.529" /><testcase classname="backend.tests.test_exam_marks.TestAdminExamManagement" name="test_get_exam_analytics" time="0.527" /><testcase classname="backend.tests.test_exam_marks.TestAdminExamManagement" name="test_get_exam_marks" time="0.554" /><testcase classname="backend.tests.test_exam_marks.TestAdminExamManagement" name="test_download_exam_marks_csv" time="0.524" /><testcase classname="backend.tests.test_exam_marks.TestTeacherMarksManagement" name="test_get_teacher_exams" time="0.465" /><testcase classname="backend.tests.test_exam_marks.TestTeacherMarksManagement" name="test_get_students_for_marks_entry" time="0.562" /><testcase classname="backend.tests.test_exam_marks.TestTeacherMarksManagement" name="test_bulk_marks_entry" time="0.589"><skipped type="pytest.skip" message="No students found">/app/backend/tests/test_exam_marks.py:339: No students found</skipped></testcase><testcase classname="backend.tests.test_exam_marks.TestTeacherMarksManagement" name="test_marks_validation_exceeds_max" time="0.538"><skipped type="pytest.skip" message="No students found">/app/backend/tests/test_exam_marks.py:393: No students found</skipped></testcase><testcase classname="backend.tests.test_exam_marks.TestTeacherMarksManagement" name="test_marks_validation_negative" time="0.534"><skipped type="pytest.skip" message="No students found">/app/backend/tests/test_exam_marks.py:439: No students found</skipped></testcase><testcase classname="backend.tests.test_exam_marks.TestTeacherMarksManagement" name="test_csv_upload_marks" time="0.521"><skipped type="pytest.skip" message="No students found">/app/backend/tests/test_exam_marks.py:485: No students found</skipped></testcase><testcase classname="backend.tests.test_exam_marks.TestTeacherMarksManagement" name="test_csv_upload_validation" time="0.528" /><testcase classname="backend.tests.test_exam_marks.TestTeacherMarksManagement" name="test_view_class_performance" time="0.525" /><testcase classname="backend.tests.test_exam_marks.TestStudentMarksView" name="test_student_view_marks" time="0.415" /><testcase classname="backend.tests.test_exam_marks.TestStudentMarksView" name="test_student_download_csv_report" time="0.434" /><testcase classname="backend.tests.test_exam_marks.TestStudentMarksView" name="test_student_download_pdf_report" time="0.476" /><testcase classname="backend.tests.test_exam_marks.TestRoleBasedAccess" name="test_student_cannot_access_admin_exams" time="0.423" /><testcase classname="backend.tests.test_exam_marks.TestRoleBasedAccess" name="test_student_cannot_enter_marks" time="0.429" /><testcase classname="backend.tests.test_exam_marks.TestRoleBasedAccess" name="test_teacher_cannot_create_exam" time="0.427" /><testcase classname="backend.tests.test_exam_marks.TestSessionPersistence" name="test_token_refresh" time="0.423" /><testcase classname="backend.tests.test_exam_marks.TestSessionPersistence" name="test_auth_me_endpoint" time="0.442" /><testcase classname="backend.tests.test_exam_marks.TestCleanup" name="test_delete_test_exam" time="0.572" /></testsuite></testsuites>